\BOOKMARK [0][-]{chapter.1}{\376\377\000I\000n\000t\000r\000o\000d\000u\000c\000c\000i\000\363\000n}{}% 1
\BOOKMARK [0][-]{chapter.2}{\376\377\000T\000a\000r\000j\000e\000t\000a\000\040\000M\000a\000d\000r\000e}{}% 2
\BOOKMARK [1][-]{section.2.1}{\376\377\000D\000e\000f\000i\000n\000i\000c\000i\000\363\000n}{chapter.2}% 3
\BOOKMARK [1][-]{section.2.2}{\376\377\000F\000u\000n\000c\000i\000o\000n\000e\000s}{chapter.2}% 4
\BOOKMARK [1][-]{section.2.3}{\376\377\000M\000o\000d\000e\000l\000o\000s}{chapter.2}% 5
\BOOKMARK [2][-]{subsection.2.3.1}{\376\377\000M\000S\000I\000\040\000M\000A\000G\000\040\000B\0008\0005\0000\000\040\000T\000o\000m\000a\000h\000a\000w\000k\000\040\000M\000A\000X\000\040\000W\000i\000F\000i}{section.2.3}% 6
\BOOKMARK [2][-]{subsection.2.3.2}{\376\377\000A\000S\000U\000S\000\040\000R\000O\000G\000\040\000S\000t\000r\000i\000x\000\040\000B\0005\0005\0000\000-\000F\000\040\000G\000a\000m\000i\000n\000g}{section.2.3}% 7
\BOOKMARK [2][-]{subsection.2.3.3}{\376\377\000A\000S\000U\000S\000\040\000T\000U\000F\000\040\000G\000a\000m\000i\000n\000g\000\040\000B\0005\0005\0000\000M\000-\000P\000L\000U\000S\000\040\000W\000i\000F\000i\000\040\000I\000I}{section.2.3}% 8
\BOOKMARK [2][-]{subsection.2.3.4}{\376\377\000A\000S\000U\000S\000\040\000T\000U\000F\000\040\000G\000a\000m\000i\000n\000g\000\040\000Z\0008\0009\0000\000-\000P\000r\000o\000\040\000W\000i\000-\000F\000i}{section.2.3}% 9
\BOOKMARK [2][-]{subsection.2.3.5}{\376\377\000M\000S\000I\000\040\000M\000A\000G\000\040\000Z\0008\0009\0000\000\040\000T\000O\000M\000A\000H\000A\000W\000K\000\040\000W\000I\000F\000I}{section.2.3}% 10
\BOOKMARK [1][-]{section.2.4}{\376\377\000C\000o\000m\000p\000o\000n\000e\000n\000t\000e\000s}{chapter.2}% 11
\BOOKMARK [2][-]{subsection.2.4.1}{\376\377\000T\000i\000p\000o\000s\000\040\000d\000e\000\040\000T\000a\000r\000j\000e\000t\000a\000s\000\040\000G\0004}{section.2.4}% 12
\BOOKMARK [3][-]{subsubsection.2.4.1.1}{\376\377\000T\000a\000r\000j\000e\000t\000a\000s\000\040\000g\000r\000\341\000f\000i\000c\000a\000s}{subsection.2.4.1}% 13
\BOOKMARK [3][-]{subsubsection.2.4.1.2}{\376\377\000T\000a\000r\000j\000e\000t\000a\000s\000\040\000d\000e\000\040\000s\000o\000n\000i\000d\000o}{subsection.2.4.1}% 14
\BOOKMARK [3][-]{subsubsection.2.4.1.3}{\376\377\000T\000a\000r\000j\000e\000t\000a\000s\000\040\000d\000e\000\040\000r\000e\000d}{subsection.2.4.1}% 15
\BOOKMARK [3][-]{subsubsection.2.4.1.4}{\376\377\000T\000a\000r\000j\000e\000t\000a\000s\000\040\000c\000o\000n\000t\000r\000o\000l\000a\000d\000o\000r\000a\000s}{subsection.2.4.1}% 16
\BOOKMARK [3][-]{subsubsection.2.4.1.5}{\376\377\000T\000a\000r\000j\000e\000t\000a\000s\000\040\000d\000e\000\040\000e\000x\000p\000a\000n\000s\000i\000\363\000n}{subsection.2.4.1}% 17
\BOOKMARK [2][-]{subsection.2.4.2}{\376\377\000P\000i\000l\000a\000\040\000/\000\040\000B\000a\000t\000e\000r\000\355\000a\000\040\000G\0004}{section.2.4}% 18
\BOOKMARK [3][-]{subsubsection.2.4.2.1}{\376\377\000C\000o\000m\000p\000u\000t\000a\000d\000o\000r\000a\000s\000\040\000A\000n\000t\000i\000g\000u\000a\000s\000\040\000v\000s\000.\000\040\000M\000o\000d\000e\000r\000n\000a\000s\000:\000\040\000E\000l\000\040\000R\000o\000l\000\040\000E\000v\000o\000l\000u\000t\000i\000v\000o\000\040\000d\000e\000\040\000l\000a\000\040\000P\000i\000l\000a\000\040\000C\000M\000O\000S}{subsection.2.4.2}% 19
\BOOKMARK [3][-]{subsubsection.2.4.2.2}{\376\377\000P\000u\000n\000t\000o\000s\000\040\000C\000l\000a\000v\000e}{subsection.2.4.2}% 20
\BOOKMARK [0][-]{chapter.3}{\376\377\000C\000o\000n\000c\000l\000u\000s\000i\000\363\000n}{}% 21
