This is pdfTeX, Version 3.141592653-2.6-1.40.26 (TeX Live 2024) (preloaded format=pdflatex 2025.1.8)  8 APR 2025 18:04
entering extended mode
 restricted \write18 enabled.
 file:line:error style messages enabled.
 %&-line parsing enabled.
**main.tex
(./main.tex
LaTeX2e <2024-11-01> patch level 1
L3 programming layer <2024-12-25>
(/usr/local/texlive/2024/texmf-dist/tex/latex/extsizes/extbook.cls
Document Class: extbook 1999/01/07 v1.4a NON-Standard LaTeX document class
(/usr/local/texlive/2024/texmf-dist/tex/latex/base/bk10.clo
File: bk10.clo 2024/06/29 v1.4n Standard LaTeX file (size option)
) (/usr/local/texlive/2024/texmf-dist/tex/latex/base/exscale.sty
Package: exscale 2018/09/24 v2.1i Standard LaTeX package exscale
LaTeX Font Info:    Redeclaring symbol font `largesymbols' on input line 57.
LaTeX Font Info:    Overwriting symbol font `largesymbols' in version `normal'
(Font)                  OMX/cmex/m/n --> OMX/cmex/m/n on input line 57.
LaTeX Font Info:    Overwriting symbol font `largesymbols' in version `bold'
(Font)                  OMX/cmex/m/n --> OMX/cmex/m/n on input line 57.
\big@size=\dimen141
)
\c@part=\count196
\c@chapter=\count197
\c@section=\count198
\c@subsection=\count199
\c@subsubsection=\count266
\c@paragraph=\count267
\c@subparagraph=\count268
\c@figure=\count269
\c@table=\count270
\abovecaptionskip=\skip49
\belowcaptionskip=\skip50
\bibindent=\dimen142
) (./paquetes.tex (/usr/local/texlive/2024/texmf-dist/tex/latex/geometry/geometry.sty
Package: geometry 2020/01/02 v5.9 Page Geometry
 (/usr/local/texlive/2024/texmf-dist/tex/latex/graphics/keyval.sty
Package: keyval 2022/05/29 v1.15 key=value parser (DPC)
\KV@toks@=\toks17
) (/usr/local/texlive/2024/texmf-dist/tex/generic/iftex/ifvtex.sty
Package: ifvtex 2019/10/25 v1.7 ifvtex legacy package. Use iftex instead.
 (/usr/local/texlive/2024/texmf-dist/tex/generic/iftex/iftex.sty
Package: iftex 2024/12/12 v1.0g TeX engine tests
))
\Gm@cnth=\count271
\Gm@cntv=\count272
\c@Gm@tempcnt=\count273
\Gm@bindingoffset=\dimen143
\Gm@wd@mp=\dimen144
\Gm@odd@mp=\dimen145
\Gm@even@mp=\dimen146
\Gm@layoutwidth=\dimen147
\Gm@layoutheight=\dimen148
\Gm@layouthoffset=\dimen149
\Gm@layoutvoffset=\dimen150
\Gm@dimlist=\toks18
) (/usr/local/texlive/2024/texmf-dist/tex/latex/lm/lmodern.sty
Package: lmodern 2015/05/01 v1.6.1 Latin Modern Fonts
LaTeX Font Info:    Overwriting symbol font `operators' in version `normal'
(Font)                  OT1/cmr/m/n --> OT1/lmr/m/n on input line 22.
LaTeX Font Info:    Overwriting symbol font `letters' in version `normal'
(Font)                  OML/cmm/m/it --> OML/lmm/m/it on input line 23.
LaTeX Font Info:    Overwriting symbol font `symbols' in version `normal'
(Font)                  OMS/cmsy/m/n --> OMS/lmsy/m/n on input line 24.
LaTeX Font Info:    Overwriting symbol font `largesymbols' in version `normal'
(Font)                  OMX/cmex/m/n --> OMX/lmex/m/n on input line 25.
LaTeX Font Info:    Overwriting symbol font `operators' in version `bold'
(Font)                  OT1/cmr/bx/n --> OT1/lmr/bx/n on input line 26.
LaTeX Font Info:    Overwriting symbol font `letters' in version `bold'
(Font)                  OML/cmm/b/it --> OML/lmm/b/it on input line 27.
LaTeX Font Info:    Overwriting symbol font `symbols' in version `bold'
(Font)                  OMS/cmsy/b/n --> OMS/lmsy/b/n on input line 28.
LaTeX Font Info:    Overwriting symbol font `largesymbols' in version `bold'
(Font)                  OMX/cmex/m/n --> OMX/lmex/m/n on input line 29.
LaTeX Font Info:    Overwriting math alphabet `\mathbf' in version `normal'
(Font)                  OT1/cmr/bx/n --> OT1/lmr/bx/n on input line 31.
LaTeX Font Info:    Overwriting math alphabet `\mathsf' in version `normal'
(Font)                  OT1/cmss/m/n --> OT1/lmss/m/n on input line 32.
LaTeX Font Info:    Overwriting math alphabet `\mathit' in version `normal'
(Font)                  OT1/cmr/m/it --> OT1/lmr/m/it on input line 33.
LaTeX Font Info:    Overwriting math alphabet `\mathtt' in version `normal'
(Font)                  OT1/cmtt/m/n --> OT1/lmtt/m/n on input line 34.
LaTeX Font Info:    Overwriting math alphabet `\mathbf' in version `bold'
(Font)                  OT1/cmr/bx/n --> OT1/lmr/bx/n on input line 35.
LaTeX Font Info:    Overwriting math alphabet `\mathsf' in version `bold'
(Font)                  OT1/cmss/bx/n --> OT1/lmss/bx/n on input line 36.
LaTeX Font Info:    Overwriting math alphabet `\mathit' in version `bold'
(Font)                  OT1/cmr/bx/it --> OT1/lmr/bx/it on input line 37.
LaTeX Font Info:    Overwriting math alphabet `\mathtt' in version `bold'
(Font)                  OT1/cmtt/m/n --> OT1/lmtt/m/n on input line 38.
) (/usr/local/texlive/2024/texmf-dist/tex/latex/fontsize/fontsize.sty
Package: fontsize 2024/12/04 v0.9 'fontsize' package. Set main font sizes (Ivan Valbusa)
 (/usr/local/texlive/2024/texmf-dist/tex/latex/xkeyval/xkeyval.sty
Package: xkeyval 2022/06/16 v2.9 package option processing (HA)
 (/usr/local/texlive/2024/texmf-dist/tex/generic/xkeyval/xkeyval.tex (/usr/local/texlive/2024/texmf-dist/tex/generic/xkeyval/xkvutils.tex
\XKV@toks=\toks19
\XKV@tempa@toks=\toks20
)
\XKV@depth=\count274
File: xkeyval.tex 2014/12/03 v2.7a key=value parser (HA)
))) (/usr/local/texlive/2024/texmf-dist/tex/latex/base/fix-cm.sty
Package: fix-cm 2020/11/24 v1.1t fixes to LaTeX
 (/usr/local/texlive/2024/texmf-dist/tex/latex/base/ts1enc.def
File: ts1enc.def 2001/06/05 v3.0e (jk/car/fm) Standard LaTeX file
LaTeX Font Info:    Redeclaring font encoding TS1 on input line 47.
)) (/usr/local/texlive/2024/texmf-dist/tex/latex/base/fontenc.sty
Package: fontenc 2021/04/29 v2.0v Standard LaTeX package
LaTeX Font Info:    Trying to load font information for T1+lmr on input line 116.
 (/usr/local/texlive/2024/texmf-dist/tex/latex/lm/t1lmr.fd
File: t1lmr.fd 2015/05/01 v1.6.1 Font defs for Latin Modern
)) (/usr/local/texlive/2024/texmf-dist/tex/latex/parskip/parskip.sty
Package: parskip 2021-03-14 v2.0h non-zero parskip adjustments
 (/usr/local/texlive/2024/texmf-dist/tex/latex/kvoptions/kvoptions.sty
Package: kvoptions 2022-06-15 v3.15 Key value format for package options (HO)
 (/usr/local/texlive/2024/texmf-dist/tex/generic/ltxcmds/ltxcmds.sty
Package: ltxcmds 2023-12-04 v1.26 LaTeX kernel commands for general use (HO)
) (/usr/local/texlive/2024/texmf-dist/tex/latex/kvsetkeys/kvsetkeys.sty
Package: kvsetkeys 2022-10-05 v1.19 Key value parser (HO)
)) (/usr/local/texlive/2024/texmf-dist/tex/latex/etoolbox/etoolbox.sty
Package: etoolbox 2020/10/05 v2.5k e-TeX tools for LaTeX (JAW)
\etb@tempcnta=\count275
)) (/usr/local/texlive/2024/texmf-dist/tex/latex/float/float.sty
Package: float 2001/11/08 v1.3d Float enhancements (AL)
\c@float@type=\count276
\float@exts=\toks21
\float@box=\box52
\@float@everytoks=\toks22
\@floatcapt=\box53
) (/usr/local/texlive/2024/texmf-dist/tex/latex/graphics/graphicx.sty
Package: graphicx 2021/09/16 v1.2d Enhanced LaTeX Graphics (DPC,SPQR)
 (/usr/local/texlive/2024/texmf-dist/tex/latex/graphics/graphics.sty
Package: graphics 2024/08/06 v1.4g Standard LaTeX Graphics (DPC,SPQR)
 (/usr/local/texlive/2024/texmf-dist/tex/latex/graphics/trig.sty
Package: trig 2023/12/02 v1.11 sin cos tan (DPC)
) (/usr/local/texlive/2024/texmf-dist/tex/latex/graphics-cfg/graphics.cfg
File: graphics.cfg 2016/06/04 v1.11 sample graphics configuration
)
Package graphics Info: Driver file: pdftex.def on input line 106.
 (/usr/local/texlive/2024/texmf-dist/tex/latex/graphics-def/pdftex.def
File: pdftex.def 2024/04/13 v1.2c Graphics/color driver for pdftex
))
\Gin@req@height=\dimen151
\Gin@req@width=\dimen152
) (/usr/local/texlive/2024/texmf-dist/tex/latex/url/url.sty
\Urlmuskip=\muskip17
Package: url 2013/09/16  ver 3.4  Verb mode for urls, etc.
) (/usr/local/texlive/2024/texmf-dist/tex/latex/hyperref/hyperref.sty
Package: hyperref 2024-11-05 v7.01l Hypertext links for LaTeX
 (/usr/local/texlive/2024/texmf-dist/tex/generic/kvdefinekeys/kvdefinekeys.sty
Package: kvdefinekeys 2019-12-19 v1.6 Define keys (HO)
)
(/usr/local/texlive/2024/texmf-dist/tex/generic/pdfescape/pdfescape.sty
Package: pdfescape 2019/12/09 v1.15 Implements pdfTeX's escape features (HO)
 (/usr/local/texlive/2024/texmf-dist/tex/generic/pdftexcmds/pdftexcmds.sty
Package: pdftexcmds 2020-06-27 v0.33 Utility functions of pdfTeX for LuaTeX (HO)
 (/usr/local/texlive/2024/texmf-dist/tex/generic/infwarerr/infwarerr.sty
Package: infwarerr 2019/12/03 v1.5 Providing info/warning/error messages (HO)
)
Package pdftexcmds Info: \pdf@primitive is available.
Package pdftexcmds Info: \pdf@ifprimitive is available.
Package pdftexcmds Info: \pdfdraftmode found.
)) (/usr/local/texlive/2024/texmf-dist/tex/latex/hycolor/hycolor.sty
Package: hycolor 2020-01-27 v1.10 Color options for hyperref/bookmark (HO)
) (/usr/local/texlive/2024/texmf-dist/tex/latex/hyperref/nameref.sty
Package: nameref 2023-11-26 v2.56 Cross-referencing by name of section
 (/usr/local/texlive/2024/texmf-dist/tex/latex/refcount/refcount.sty
Package: refcount 2019/12/15 v3.6 Data extraction from label references (HO)
) (/usr/local/texlive/2024/texmf-dist/tex/generic/gettitlestring/gettitlestring.sty
Package: gettitlestring 2019/12/15 v1.6 Cleanup title references (HO)
)
\c@section@level=\count277
) (/usr/local/texlive/2024/texmf-dist/tex/generic/stringenc/stringenc.sty
Package: stringenc 2019/11/29 v1.12 Convert strings between diff. encodings (HO)
)
\@linkdim=\dimen153
\Hy@linkcounter=\count278
\Hy@pagecounter=\count279
 (/usr/local/texlive/2024/texmf-dist/tex/latex/hyperref/pd1enc.def
File: pd1enc.def 2024-11-05 v7.01l Hyperref: PDFDocEncoding definition (HO)
Now handling font encoding PD1 ...
... no UTF-8 mapping file for font encoding PD1
) (/usr/local/texlive/2024/texmf-dist/tex/generic/intcalc/intcalc.sty
Package: intcalc 2019/12/15 v1.3 Expandable calculations with integers (HO)
)
\Hy@SavedSpaceFactor=\count280
 (/usr/local/texlive/2024/texmf-dist/tex/latex/hyperref/puenc.def
File: puenc.def 2024-11-05 v7.01l Hyperref: PDF Unicode definition (HO)
Now handling font encoding PU ...
... no UTF-8 mapping file for font encoding PU
)
Package hyperref Info: Option `colorlinks' set `true' on input line 4040.
Package hyperref Info: Hyper figures OFF on input line 4157.
Package hyperref Info: Link nesting OFF on input line 4162.
Package hyperref Info: Hyper index ON on input line 4165.
Package hyperref Info: Plain pages OFF on input line 4172.
Package hyperref Info: Backreferencing OFF on input line 4177.
Package hyperref Info: Implicit mode ON; LaTeX internals redefined.
Package hyperref Info: Bookmarks ON on input line 4424.
\c@Hy@tempcnt=\count281
LaTeX Info: Redefining \url on input line 4763.
\XeTeXLinkMargin=\dimen154
 (/usr/local/texlive/2024/texmf-dist/tex/generic/bitset/bitset.sty
Package: bitset 2019/12/09 v1.3 Handle bit-vector datatype (HO)
 (/usr/local/texlive/2024/texmf-dist/tex/generic/bigintcalc/bigintcalc.sty
Package: bigintcalc 2019/12/15 v1.5 Expandable calculations on big integers (HO)
))
\Fld@menulength=\count282
\Field@Width=\dimen155
\Fld@charsize=\dimen156
Package hyperref Info: Hyper figures OFF on input line 6042.
Package hyperref Info: Link nesting OFF on input line 6047.
Package hyperref Info: Hyper index ON on input line 6050.
Package hyperref Info: backreferencing OFF on input line 6057.
Package hyperref Info: Link coloring ON on input line 6060.
Package hyperref Info: Link coloring with OCG OFF on input line 6067.
Package hyperref Info: PDF/A mode OFF on input line 6072.
 (/usr/local/texlive/2024/texmf-dist/tex/latex/base/atbegshi-ltx.sty
Package: atbegshi-ltx 2021/01/10 v1.0c Emulation of the original atbegshi
package with kernel methods
)
\Hy@abspage=\count283
\c@Item=\count284
\c@Hfootnote=\count285
)
Package hyperref Info: Driver (autodetected): hpdftex.
 (/usr/local/texlive/2024/texmf-dist/tex/latex/hyperref/hpdftex.def
File: hpdftex.def 2024-11-05 v7.01l Hyperref driver for pdfTeX
 (/usr/local/texlive/2024/texmf-dist/tex/latex/base/atveryend-ltx.sty
Package: atveryend-ltx 2020/08/19 v1.0a Emulation of the original atveryend package
with kernel methods
)
\Fld@listcount=\count286
\c@bookmark@seq@number=\count287
 (/usr/local/texlive/2024/texmf-dist/tex/latex/rerunfilecheck/rerunfilecheck.sty
Package: rerunfilecheck 2022-07-10 v1.10 Rerun checks for auxiliary files (HO)
 (/usr/local/texlive/2024/texmf-dist/tex/generic/uniquecounter/uniquecounter.sty
Package: uniquecounter 2019/12/15 v1.4 Provide unlimited unique counter (HO)
)
Package uniquecounter Info: New unique counter `rerunfilecheck' on input line 285.
)
\Hy@SectionHShift=\skip51
) (/usr/local/texlive/2024/texmf-dist/tex/latex/tools/xr.sty
Package: xr 2024-04-10 v6.00 eXternal References (DPC)
) (/usr/local/texlive/2024/texmf-dist/tex/latex/base/inputenc.sty
Package: inputenc 2024/02/08 v1.3d Input encoding file
\inpenc@prehook=\toks23
\inpenc@posthook=\toks24
) (/usr/local/texlive/2024/texmf-dist/tex/latex/titlesec/titlesec.sty
Package: titlesec 2025/01/04 v2.17 Sectioning titles
\ttl@box=\box54
\beforetitleunit=\skip52
\aftertitleunit=\skip53
\ttl@plus=\dimen157
\ttl@minus=\dimen158
\ttl@toksa=\toks25
\titlewidth=\dimen159
\titlewidthlast=\dimen160
\titlewidthfirst=\dimen161
)) (./renombrar-comandos.tex) (./nuevos-comandos.tex (./hipervinculos.tex

Package xr Warning: 
No file tarjetamadre/ref-tarjetamadre.aux
LABELS NOT IMPORTED.
 on input line 16.

) (./strings.tex)) (./estilos.tex) (/usr/local/texlive/2024/texmf-dist/tex/latex/l3backend/l3backend-pdftex.def
File: l3backend-pdftex.def 2024-05-08 L3 backend support: PDF output (pdfTeX)
\l__color_backend_stack_int=\count288
\l__pdf_internal_box=\box55
) (./main.aux)
\openout1 = `main.aux'.

LaTeX Font Info:    Checking defaults for OML/cmm/m/it on input line 25.
LaTeX Font Info:    ... okay on input line 25.
LaTeX Font Info:    Checking defaults for OMS/cmsy/m/n on input line 25.
LaTeX Font Info:    ... okay on input line 25.
LaTeX Font Info:    Checking defaults for OT1/cmr/m/n on input line 25.
LaTeX Font Info:    ... okay on input line 25.
LaTeX Font Info:    Checking defaults for T1/cmr/m/n on input line 25.
LaTeX Font Info:    ... okay on input line 25.
LaTeX Font Info:    Checking defaults for TS1/cmr/m/n on input line 25.
LaTeX Font Info:    ... okay on input line 25.
LaTeX Font Info:    Checking defaults for OMX/cmex/m/n on input line 25.
LaTeX Font Info:    ... okay on input line 25.
LaTeX Font Info:    Checking defaults for U/cmr/m/n on input line 25.
LaTeX Font Info:    ... okay on input line 25.
LaTeX Font Info:    Checking defaults for PD1/pdf/m/n on input line 25.
LaTeX Font Info:    ... okay on input line 25.
LaTeX Font Info:    Checking defaults for PU/pdf/m/n on input line 25.
LaTeX Font Info:    ... okay on input line 25.

*geometry* driver: auto-detecting
*geometry* detected driver: pdftex
*geometry* verbose mode - [ preamble ] result:
* driver: pdftex
* paper: custom
* layout: <same size as paper>
* layoutoffset:(h,v)=(0.0pt,0.0pt)
* modes: twoside 
* h-part:(L,W,R)=(72.26999pt, 469.75502pt, 72.26999pt)
* v-part:(T,H,B)=(72.26999pt, 650.43001pt, 72.26999pt)
* \paperwidth=614.295pt
* \paperheight=794.96999pt
* \textwidth=469.75502pt
* \textheight=650.43001pt
* \oddsidemargin=0.0pt
* \evensidemargin=0.0pt
* \topmargin=-30.06749pt
* \headheight=12.0pt
* \headsep=18.06749pt
* \topskip=10.0pt
* \footskip=25.29494pt
* \marginparwidth=125.0pt
* \marginparsep=7.0pt
* \columnsep=10.0pt
* \skip\footins=9.9pt plus 4.39957pt minus 2.20044pt
* \hoffset=0.0pt
* \voffset=0.0pt
* \mag=1000
* \@twocolumnfalse
* \@twosidetrue
* \@mparswitchtrue
* \@reversemarginfalse
* (1in=72.27pt=25.4mm, 1cm=28.453pt)

(/usr/local/texlive/2024/texmf-dist/tex/context/base/mkii/supp-pdf.mkii
[Loading MPS to PDF converter (version 2006.09.02).]
\scratchcounter=\count289
\scratchdimen=\dimen162
\scratchbox=\box56
\nofMPsegments=\count290
\nofMParguments=\count291
\everyMPshowfont=\toks26
\MPscratchCnt=\count292
\MPscratchDim=\dimen163
\MPnumerator=\count293
\makeMPintoPDFobject=\count294
\everyMPtoPDFconversion=\toks27
) (/usr/local/texlive/2024/texmf-dist/tex/latex/epstopdf-pkg/epstopdf-base.sty
Package: epstopdf-base 2020-01-24 v2.11 Base part for package epstopdf
Package epstopdf-base Info: Redefining graphics rule for `.eps' on input line 485.
 (/usr/local/texlive/2024/texmf-dist/tex/latex/latexconfig/epstopdf-sys.cfg
File: epstopdf-sys.cfg 2010/07/13 v1.3 Configuration of (r)epstopdf for TeX Live
)) (/usr/local/texlive/2024/texmf-dist/tex/latex/graphics/color.sty
Package: color 2024/06/23 v1.3e Standard LaTeX Color (DPC)
 (/usr/local/texlive/2024/texmf-dist/tex/latex/graphics-cfg/color.cfg
File: color.cfg 2016/01/02 v1.6 sample color configuration
)
Package color Info: Driver file: pdftex.def on input line 149.
 (/usr/local/texlive/2024/texmf-dist/tex/latex/graphics/mathcolor.ltx))
Package hyperref Info: Link coloring ON on input line 25.
 (./main.out) (./main.out)
\@outlinefile=\write3
\openout3 = `main.out'.

 (./portada.tex
<imagenes/utp.png, id=88, 2410.00375pt x 2410.00375pt>
File: imagenes/utp.png Graphic file (type png)
<use imagenes/utp.png>
Package pdftex.def Info: imagenes/utp.png  used on input line 4.
(pdftex.def)             Requested size: 84.35875pt x 84.35875pt.

Overfull \hbox (13.89838pt too wide) in paragraph at lines 4--5
 [] 
 []

<imagenes/fisc.png, id=89, 276.03125pt x 276.03125pt>
File: imagenes/fisc.png Graphic file (type png)
<use imagenes/fisc.png>
Package pdftex.def Info: imagenes/fisc.png  used on input line 17.
(pdftex.def)             Requested size: 77.28821pt x 77.28821pt.

Overfull \hbox (6.82784pt too wide) in paragraph at lines 17--18
 [] 
 []

LaTeX Font Info:    Calculating math sizes for size <11> on input line 18.
LaTeX Font Info:    Trying to load font information for OT1+lmr on input line 18.
(/usr/local/texlive/2024/texmf-dist/tex/latex/lm/ot1lmr.fd
File: ot1lmr.fd 2015/05/01 v1.6.1 Font defs for Latin Modern
)
LaTeX Font Info:    Trying to load font information for OML+lmm on input line 18.
 (/usr/local/texlive/2024/texmf-dist/tex/latex/lm/omllmm.fd
File: omllmm.fd 2015/05/01 v1.6.1 Font defs for Latin Modern
)
LaTeX Font Info:    Trying to load font information for OMS+lmsy on input line 18.
 (/usr/local/texlive/2024/texmf-dist/tex/latex/lm/omslmsy.fd
File: omslmsy.fd 2015/05/01 v1.6.1 Font defs for Latin Modern
)
LaTeX Font Info:    Trying to load font information for OMX+lmex on input line 18.
 (/usr/local/texlive/2024/texmf-dist/tex/latex/lm/omxlmex.fd
File: omxlmex.fd 2015/05/01 v1.6.1 Font defs for Latin Modern
)
LaTeX Font Info:    External font `lmex10' loaded for size
(Font)              <11> on input line 18.
LaTeX Font Info:    External font `lmex10' loaded for size
(Font)              <7.69997> on input line 18.
LaTeX Font Info:    External font `lmex10' loaded for size
(Font)              <5.5> on input line 18.
) (./introduccion.tex

[1


{/usr/local/texlive/2024/texmf-var/fonts/map/pdftex/updmap/pdftex.map}{/usr/local/texlive/2024/texmf-dist/fonts/enc/dvips/lm/lm-ec.enc} <./imagenes/utp.png> <./imagenes/fisc.png>]
CAP√çTULO 1.
)

[2

] (./main.toc)
\tf@toc=\write4
\openout4 = `main.toc'.



[3

] (./main.lof)
\tf@lof=\write5
\openout5 = `main.lof'.

 (./tarjetamadre/ref-tarjetamadre.tex

[4

]
CAP√çTULO 2.
(./tarjetamadre/definicion.tex) (./tarjetamadre/funciones.tex) (./tarjetamadre/modelos.tex
<imagenes/tomahawk.png, id=171, 1284.8pt x 1566.85374pt>
File: imagenes/tomahawk.png Graphic file (type png)
<use imagenes/tomahawk.png>
Package pdftex.def Info: imagenes/tomahawk.png  used on input line 9.
(pdftex.def)             Requested size: 128.48752pt x 156.69455pt.
<imagenes/strix.png, id=173, 908.39375pt x 924.45375pt>
File: imagenes/strix.png Graphic file (type png)
<use imagenes/strix.png>
Package pdftex.def Info: imagenes/strix.png  used on input line 19.
(pdftex.def)             Requested size: 90.8447pt x 92.45079pt.


[5

]
<imagenes/asusb550.png, id=185, 475.7775pt x 475.7775pt>
File: imagenes/asusb550.png Graphic file (type png)
<use imagenes/asusb550.png>
Package pdftex.def Info: imagenes/asusb550.png  used on input line 29.
(pdftex.def)             Requested size: 95.15381pt x 95.15381pt.
<imagenes/asusz890.png, id=187, 1204.5pt x 1204.5pt>
File: imagenes/asusz890.png Graphic file (type png)
<use imagenes/asusz890.png>
Package pdftex.def Info: imagenes/asusz890.png  used on input line 39.
(pdftex.def)             Requested size: 240.89574pt x 240.89574pt.


[6 <./imagenes/tomahawk.png> <./imagenes/strix.png> <./imagenes/asusb550.png>]
<imagenes/z890tomahawk.png, id=196, 1927.2pt x 1084.05pt>
File: imagenes/z890tomahawk.png Graphic file (type png)
<use imagenes/z890tomahawk.png>
Package pdftex.def Info: imagenes/z890tomahawk.png  used on input line 49.
(pdftex.def)             Requested size: 192.7313pt x 108.41135pt.
) (./tarjetamadre/componentes.tex (./tarjetamadre/componentes/tarjetas.tex
Underfull \vbox (badness 10000) has occurred while \output is active []



[7 <./imagenes/asusz890.png> <./imagenes/z890tomahawk.png>]
LaTeX Font Info:    Trying to load font information for TS1+lmr on input line 10.
 (/usr/local/texlive/2024/texmf-dist/tex/latex/lm/ts1lmr.fd
File: ts1lmr.fd 2015/05/01 v1.6.1 Font defs for Latin Modern
)
<imagenes/componentes-tarjeta.png, id=205, 484.81125pt x 275.0275pt>
File: imagenes/componentes-tarjeta.png Graphic file (type png)
<use imagenes/componentes-tarjeta.png>
Package pdftex.def Info: imagenes/componentes-tarjeta.png  used on input line 21.
(pdftex.def)             Requested size: 387.84952pt x 220.0223pt.
<imagenes/dispositivos-refrigerante.png, id=207, 307.1475pt x 205.76875pt>
File: imagenes/dispositivos-refrigerante.png Graphic file (type png)
<use imagenes/dispositivos-refrigerante.png>
Package pdftex.def Info: imagenes/dispositivos-refrigerante.png  used on input line 27.
(pdftex.def)             Requested size: 276.43019pt x 185.19014pt.


[8{/usr/local/texlive/2024/texmf-dist/fonts/enc/dvips/lm/lm-ts1.enc} <./imagenes/componentes-tarjeta.png>]
<imagenes/tarjeta-sonido.png, id=218, 545.03625pt x 361.35pt>
File: imagenes/tarjeta-sonido.png Graphic file (type png)
<use imagenes/tarjeta-sonido.png>
Package pdftex.def Info: imagenes/tarjeta-sonido.png  used on input line 49.
(pdftex.def)             Requested size: 436.0296pt x 289.0804pt.


[9 <./imagenes/dispositivos-refrigerante.png>]
<imagenes/tarjeta-red.png, id=228, 358.33875pt x 265.99374pt>
File: imagenes/tarjeta-red.png Graphic file (type png)
<use imagenes/tarjeta-red.png>
Package pdftex.def Info: imagenes/tarjeta-red.png  used on input line 78.
(pdftex.def)             Requested size: 286.67139pt x 212.79527pt.
<imagenes/tarjeta-controladora.png, id=230, 306.14375pt x 187.70125pt>
File: imagenes/tarjeta-controladora.png Graphic file (type png)
<use imagenes/tarjeta-controladora.png>
Package pdftex.def Info: imagenes/tarjeta-controladora.png  used on input line 98.
(pdftex.def)             Requested size: 275.52681pt x 168.92957pt.


[10 <./imagenes/tarjeta-sonido.png>]

[11 <./imagenes/tarjeta-red.png> <./imagenes/tarjeta-controladora.png>]
<imagenes/tarjeta-expansion.png, id=245, 353.32pt x 217.81375pt>
File: imagenes/tarjeta-expansion.png Graphic file (type png)
<use imagenes/tarjeta-expansion.png>
Package pdftex.def Info: imagenes/tarjeta-expansion.png  used on input line 125.
(pdftex.def)             Requested size: 317.98506pt x 196.03055pt.
) (./tarjetamadre/componentes/pila.tex
<imagenes/pila-cr2032.png, id=247, 251.94125pt x 213.79875pt>
File: imagenes/pila-cr2032.png Graphic file (type png)
<use imagenes/pila-cr2032.png>
Package pdftex.def Info: imagenes/pila-cr2032.png  used on input line 5.
(pdftex.def)             Requested size: 226.74503pt x 192.41708pt.


[12 <./imagenes/tarjeta-expansion.png>]
<imagenes/pila-cmos.png, id=257, 220.825pt x 220.825pt>
File: imagenes/pila-cmos.png Graphic file (type png)
<use imagenes/pila-cmos.png>
Package pdftex.def Info: imagenes/pila-cmos.png  used on input line 17.
(pdftex.def)             Requested size: 198.74065pt x 198.74065pt.
<imagenes/uefi-bios.png, id=258, 304.13625pt x 171.64125pt>
File: imagenes/uefi-bios.png Graphic file (type png)
<use imagenes/uefi-bios.png>
Package pdftex.def Info: imagenes/uefi-bios.png  used on input line 29.
(pdftex.def)             Requested size: 273.72008pt x 154.47568pt.
<imagenes/reloj.png, id=259, 209.78375pt x 157.58875pt>
File: imagenes/reloj.png Graphic file (type png)
<use imagenes/reloj.png>
Package pdftex.def Info: imagenes/reloj.png  used on input line 37.
(pdftex.def)             Requested size: 209.78322pt x 157.58835pt.


[13 <./imagenes/pila-cr2032.png>]

[14 <./imagenes/pila-cmos.png> <./imagenes/uefi-bios.png> <./imagenes/reloj.png>]))) (./conclusion.tex

[15]
CAP√çTULO 3.
) (./main.bbl

[16

]
LaTeX Font Info:    Trying to load font information for T1+lmtt on input line 4.
 (/usr/local/texlive/2024/texmf-dist/tex/latex/lm/t1lmtt.fd
File: t1lmtt.fd 2015/05/01 v1.6.1 Font defs for Latin Modern
)
Underfull \hbox (badness 7203) in paragraph at lines 12--14
[]\T1/lmr/m/n/11 HP, ``æQuÈ hace la tar-jeta madre?.'' [][]$\T1/lmtt/m/n/11 https : / / www . hp . com / mx-[]es / shop / tech-[]takes /
 []


Underfull \hbox (badness 1831) in paragraph at lines 16--18
[]\T1/lmr/m/n/11 T. Hard-ware, ``Best moth-er-boards 2025.'' [][]$\T1/lmtt/m/n/11 https : / / www . tomshardware . com / best-[]picks /
 []


Underfull \hbox (badness 10000) in paragraph at lines 20--22
[]\T1/lmr/m/n/11 L. Van-guardia, ``Com-par-a-tiva: las mejores pla-cas base para or-de-
 []


Underfull \hbox (badness 10000) in paragraph at lines 20--22
\T1/lmr/m/n/11 nadores amd.'' [][]$\T1/lmtt/m/n/11 https : / / www . lavanguardia . com / comprar / comparativas /
 []


Underfull \hbox (badness 8132) in paragraph at lines 28--30
[]\T1/lmr/m/n/11 A. MÈx-ico, ``Asus tuf gam-ing z890-pro wi-fi: An·li-sis de una tar-jeta madre
 []


Underfull \hbox (badness 10000) in paragraph at lines 28--30
\T1/lmr/m/n/11 para gamers que fa-cilita la in-sta-laciÛn.'' [][]$\T1/lmtt/m/n/11 https : / / as . com / meristation / mexico /
 []


Overfull \hbox (147.00815pt too wide) in paragraph at lines 28--30
\T1/lmtt/m/n/11 asus-[]tuf-[]gaming-[]z890-[]pro-[]wi-[]fi-[]analisis-[]de-[]una-[]tarjeta-[]madre-[]para-[]gamers-[]que-[]facilita-[]la-[]instalacion-[]n/$[][]\T1/lmr/m/n/11 ,
 []


Underfull \hbox (badness 10000) in paragraph at lines 32--34
[]\T1/lmr/m/n/11 A. MÈx-ico, ``Mag z890 tom-a-hawk wifi: La tar-jeta madre lista
 []


Underfull \hbox (badness 10000) in paragraph at lines 32--34
\T1/lmr/m/n/11 para la in-teligen-cia ar-ti-fi-cial.'' [][]$\T1/lmtt/m/n/11 https : / / as . com / meristation / mexico /
 []


Overfull \hbox (13.81859pt too wide) in paragraph at lines 32--34
\T1/lmtt/m/n/11 mag-[]z890-[]tomahawk-[]wifi-[]la-[]tarjeta-[]madre-[]lista-[]para-[]la-[]inteligencia-[]artificial-[]n/$[][]\T1/lmr/m/n/11 ,
 []


Underfull \hbox (badness 1478) in paragraph at lines 36--38
[]\T1/lmr/m/n/11 ``Tarjeta gr·-fica - Wikipedia, la en-ci-clo-pe-dia li-bre..'' [][]$\T1/lmtt/m/n/11 https : / / es . wikipedia . org / wiki /
 []


Underfull \hbox (badness 10000) in paragraph at lines 40--42
[]\T1/lmr/m/n/11 JUENPEBLOS, ``Tar-je-tas Gr·-fi-cas.'' [][]$\T1/lmtt/m/n/11 https : / / juanpeblogs . blogspot . com / 2019 / 01 /
 []


Underfull \hbox (badness 10000) in paragraph at lines 44--46
[]\T1/lmr/m/n/11 TUHOMESTUDIO, ``In-ter-faz de au-dio - æQuÈ son y por quÈ nece-si-tas una
 []


Underfull \hbox (badness 10000) in paragraph at lines 44--46
\T1/lmr/m/n/11 en tu home stu-dio? - Tu Home Stu-dio,.'' [][]$\T1/lmtt/m/n/11 https : / / tuhomestudio . com /
 []


Underfull \hbox (badness 10000) in paragraph at lines 44--46
\T1/lmtt/m/n/11 interfaz-[]de-[]audio-[]que-[]son-[]y-[]por-[]que-[]necesitas-[]una-[]en-[]tu-[]home-[]studio/$[][]\T1/lmr/m/n/11 , 2016.
 []


Underfull \hbox (badness 1184) in paragraph at lines 52--54
[]\T1/lmr/m/n/11 ``Tarjeta de red - Wikipedia, la en-ci-clo-pe-dia li-bre..'' [][]$\T1/lmtt/m/n/11 https : / / es . wikipedia . org / wiki /
 []


Underfull \hbox (badness 10000) in paragraph at lines 56--58
[]\T1/lmr/m/n/11 ``TARJETAS CON-TRO-LADO-RAS..'' [][]$\T1/lmtt/m/n/11 https : / / www . angelfire . com / nm / mantenimiento /
 []



[17

]
Underfull \hbox (badness 10000) in paragraph at lines 72--74
[]\T1/lmr/m/n/11 F. Stiemer, ``How to test and change your moth-er-board's
 []


Underfull \hbox (badness 10000) in paragraph at lines 72--74
\T1/lmr/m/n/11 CMOS bat-tery.'' [][]$\T1/lmtt/m/n/11 https : / / www . pcworld . com / article / 2072879 /
 []


Underfull \hbox (badness 10000) in paragraph at lines 72--74
\T1/lmtt/m/n/11 to-[]test-[]and-[]change-[]the-[]cmos-[]battery-[]of-[]the-[]mainboard . html$[][]\T1/lmr/m/n/11 , Sep-tiem-bre 2018.
 []

)

[18] (./main.aux)
 ***********
LaTeX2e <2024-11-01> patch level 1
L3 programming layer <2024-12-25>
 ***********
Package rerunfilecheck Info: File `main.out' has not changed.
(rerunfilecheck)             Checksum: 31F4299BEF671B64DEC19113FB9891ED;3593.
 ) 
Here is how much of TeX's memory you used:
 10807 strings out of 473250
 175326 string characters out of 5717905
 582948 words of memory out of 5000000
 33726 multiletter control sequences out of 15000+600000
 599932 words of font info for 59 fonts, out of 8000000 for 9000
 1141 hyphenation exceptions out of 8191
 74i,7n,82p,1193b,543s stack positions out of 10000i,1000n,20000p,200000b,200000s
</usr/local/texlive/2024/texmf-dist/fonts/type1/public/lm/lmbx12.pfb></usr/local/texlive/2024/texmf-dist/fonts/type1/public/lm/lmcsc10.pfb></usr/local/texlive/2024/texmf-dist/fonts/type1/public/lm/lmr12.pfb></usr/local/texlive/2024/texmf-dist/fonts/type1/public/lm/lmr17.pfb></usr/local/texlive/2024/texmf-dist/fonts/type1/public/lm/lmro12.pfb></usr/local/texlive/2024/texmf-dist/fonts/type1/public/lm/lmtt12.pfb>
Output written on main.pdf (18 pages, 8484343 bytes).
PDF statistics:
 382 PDF objects out of 1000 (max. 8388607)
 316 compressed objects within 4 object streams
 77 named destinations out of 1000 (max. 500000)
 254 words of extra memory for PDF output out of 10000 (max. 10000000)

